<?xml version="1.0" encoding="UTF-8"?>
<testsuite xmlns:xsi="http://www.w3.org/2001/XMLSchema-instance" xsi:noNamespaceSchemaLocation="https://maven.apache.org/surefire/maven-surefire-plugin/xsd/surefire-test-report.xsd" version="3.0.2" name="org.example.notificationservice.NotificationServiceApplicationTests" time="2.448" tests="1" errors="0" skipped="0" failures="0" flakes="0">
  <properties>
[...]
</properties>
  <testcase name="contextLoads" classname="org.example.notificationservice.NotificationServiceApplicationTests" time="0.005">
    <system-out><![CDATA[09:47:24.567 [main] INFO org.springframework.test.context.support.AnnotationConfigContextLoaderUtils -- Could not detect default configuration classes for test class [org.example.notificationservice.NotificationServiceApplicationTests]: NotificationServiceApplicationTests does not declare any static, non-private, non-final, nested classes annotated with @Configuration.
09:47:24.647 [main] INFO org.springframework.boot.test.context.SpringBootTestContextBootstrapper -- Found @SpringBootConfiguration org.example.notificationservice.NotificationServiceApplication for test class org.example.notificationservice.NotificationServiceApplicationTests
09:47:24.691 [main] INFO org.springframework.test.context.support.AnnotationConfigContextLoaderUtils -- Could not detect default configuration classes for test class [org.example.notificationservice.NotificationServiceApplicationTests]: NotificationServiceApplicationTests does not declare any static, non-private, non-final, nested classes annotated with @Configuration.
09:47:24.692 [main] INFO org.springframework.boot.test.context.SpringBootTestContextBootstrapper -- Found @SpringBootConfiguration org.example.notificationservice.NotificationServiceApplication for test class org.example.notificationservice.NotificationServiceApplicationTests

  .   ____          _            __ _ _
 /\\ / ___'_ __ _ _(_)_ __  __ _ \ \ \ \
( ( )\___ | '_ | '_| | '_ \/ _` | \ \ \ \
 \\/  ___)| |_)| | | | | || (_| |  ) ) ) )
  '  |____| .__|_| |_|_| |_\__, | / / / /
 =========|_|==============|___/=/_/_/_/

 :: Spring Boot ::                (v4.1.0)

2026-07-09T09:47:24.873+07:00  INFO 78256 --- [notification-service] [           main] .e.n.NotificationServiceApplicationTests : Starting NotificationServiceApplicationTests using Java 26.0.1 with PID 78256 (started by khoi in /home/khoi/IdeaProjects/starlyvia/notification-service)
2026-07-09T09:47:24.878+07:00  INFO 78256 --- [notification-service] [           main] .e.n.NotificationServiceApplicationTests : The following 1 profile is active: "test"
2026-07-09T09:47:25.263+07:00  INFO 78256 --- [notification-service] [           main] .s.d.r.c.RepositoryConfigurationDelegate : Bootstrapping Spring Data JPA repositories in DEFAULT mode.
2026-07-09T09:47:25.291+07:00  INFO 78256 --- [notification-service] [           main] .s.d.r.c.RepositoryConfigurationDelegate : Finished Spring Data repository scanning in 20 ms. Found 1 JPA repository interface.
2026-07-09T09:47:25.527+07:00  INFO 78256 --- [notification-service] [           main] org.hibernate.orm.jpa                    : HHH008540: Processing PersistenceUnitInfo [name: default]
2026-07-09T09:47:25.572+07:00  INFO 78256 --- [notification-service] [           main] org.hibernate.orm.core                   : HHH000001: Hibernate ORM core version 7.4.1.Final
2026-07-09T09:47:25.729+07:00  INFO 78256 --- [notification-service] [           main] o.s.o.j.p.SpringPersistenceUnitInfo      : No LoadTimeWeaver setup: ignoring JPA class transformer
2026-07-09T09:47:25.746+07:00  INFO 78256 --- [notification-service] [           main] com.zaxxer.hikari.HikariDataSource       : HikariPool-1 - Starting...
2026-07-09T09:47:25.844+07:00  INFO 78256 --- [notification-service] [           main] com.zaxxer.hikari.pool.HikariPool        : HikariPool-1 - Added connection conn0: url=jdbc:h2:mem:notification-service-test user=SA
2026-07-09T09:47:25.845+07:00  INFO 78256 --- [notification-service] [           main] com.zaxxer.hikari.HikariDataSource       : HikariPool-1 - Start completed.
2026-07-09T09:47:25.889+07:00  INFO 78256 --- [notification-service] [           main] org.hibernate.orm.connections.pooling    : HHH10001005: Database info:
	Database JDBC URL [jdbc:h2:mem:notification-service-test]
	Database driver: H2 JDBC Driver
	Database dialect: H2Dialect
	Database version: 2.4.240
	Default catalog/schema: NOTIFICATION-SERVICE-TEST/PUBLIC
	Autocommit mode: undefined/unknown
	Isolation level: READ_COMMITTED [default READ_COMMITTED]
	JDBC fetch size: 100
	Pool: DataSourceConnectionProvider
	Minimum pool size: undefined/unknown
	Maximum pool size: undefined/unknown
2026-07-09T09:47:26.256+07:00  INFO 78256 --- [notification-service] [           main] org.hibernate.orm.core                   : HHH000489: No JTA platform available (set 'hibernate.transaction.jta.platform' to enable JTA platform integration)
Hibernate: 
    drop table if exists notifications cascade 
Hibernate: 
    create table notifications (
        created_at timestamp(6) not null,
        read_at timestamp(6),
        updated_at timestamp(6) not null,
        actor_user_id uuid,
        id uuid not null,
        recipient_user_id uuid not null,
        resource_id uuid,
        source_event_id uuid,
        resource_type varchar(80),
        source_topic varchar(120),
        title varchar(160) not null,
        message varchar(1000) not null,
        status enum ('READ','UNREAD') not null,
        type enum ('GROUP_CREATED','GROUP_INVITATION_CREATED','GROUP_MEMBER_ADDED','GROUP_MEMBER_REMOVED','PLAN_CREATED','PLAN_DELETED','PLAN_UPDATED','SYSTEM','USER_REGISTERED') not null,
        primary key (id),
        constraint unc_source_id_recipient_id unique (source_event_id, recipient_user_id)
    )
Hibernate: 
    create index idx_notifications_recipient_created_at 
       on notifications (recipient_user_id, created_at)
Hibernate: 
    create index idx_notifications_recipient_status 
       on notifications (recipient_user_id, status)
Hibernate: 
    create index idx_notifications_source_event_id 
       on notifications (source_event_id)
2026-07-09T09:47:26.284+07:00  INFO 78256 --- [notification-service] [           main] j.LocalContainerEntityManagerFactoryBean : Initialized JPA EntityManagerFactory for persistence unit 'default'
2026-07-09T09:47:26.331+07:00  INFO 78256 --- [notification-service] [           main] o.s.d.j.r.query.QueryEnhancerFactories   : Hibernate is in classpath; If applicable, HQL parser will be used.
2026-07-09T09:47:26.618+07:00  WARN 78256 --- [notification-service] [           main] JpaBaseConfiguration$JpaWebConfiguration : spring.jpa.open-in-view is enabled by default. Therefore, database queries may be performed during view rendering. Explicitly configure spring.jpa.open-in-view to disable this warning
2026-07-09T09:47:26.940+07:00  INFO 78256 --- [notification-service] [           main] .e.n.NotificationServiceApplicationTests : Started NotificationServiceApplicationTests in 2.219 seconds (process running for 3.64)
]]></system-out>
  </testcase>
</testsuite>